<?xml version="1.0" encoding="utf-8"?><testsuites><testsuite name="pytest" errors="0" failures="0" skipped="0" tests="3" time="0.476" timestamp="2025-10-06T16:41:07.919851" hostname="psasav-dekstop1"><testcase classname="examples_rclpy_executors.executors.test.test_copyright" name="test_copyright" time="0.267" /><testcase classname="examples_rclpy_executors.executors.test.test_flake8" name="test_flake8" time="0.101" /><testcase classname="examples_rclpy_executors.executors.test.test_pep257" name="test_pep257" time="0.038" /></testsuite></testsuites>