<?xml version="1.0" encoding="UTF-8"?>
<Site BuildName="(empty)"
	BuildStamp="20251006-0841-Experimental"
	Name="psasav-dekstop1"
	Generator="ctest-3.22.1"
	CompilerName="/usr/bin/c++"
	CompilerVersion="11.4.0"
	OSName="Linux"
	Hostname="psasav-dekstop1"
	OSRelease="6.8.0-85-generic"
	OSVersion="#85~22.04.1-Ubuntu SMP PREEMPT_DYNAMIC Fri Sep 19 16:18:59 UTC 2"
	OSPlatform="x86_64"
	Is64Bits="1"
	VendorString="GenuineIntel"
	VendorID="Intel Corporation"
	FamilyID="6"
	ModelID="158"
	ProcessorCacheSize="16384"
	NumberOfLogicalCPU="16"
	NumberOfPhysicalCPU="8"
	TotalVirtualMemory="2047"
	TotalPhysicalMemory="64006"
	LogicalProcessorsPerPhysical="2"
	ProcessorClockFrequency="4470.47"
	>
	<Testing>
		<StartDateTime>Oct 06 16:41 +08</StartDateTime>
		<StartTestTime>1759740069</StartTestTime>
		<TestList>
			<Test>./copyright</Test>
			<Test>./cppcheck</Test>
			<Test>./cpplint</Test>
			<Test>./lint_cmake</Test>
			<Test>./uncrustify</Test>
			<Test>./xmllint</Test>
		</TestList>
		<Test Status="passed">
			<Name>copyright</Name>
			<Path>.</Path>
			<FullName>./copyright</FullName>
			<FullCommandLine>/usr/bin/python3 "-u" "/opt/ros/humble/share/ament_cmake_test/cmake/run_test.py" "/home/psasav/ros2_ws/build/examples_rclcpp_minimal_action_server/test_results/examples_rclcpp_minimal_action_server/copyright.xunit.xml" "--package-name" "examples_rclcpp_minimal_action_server" "--output-file" "/home/psasav/ros2_ws/build/examples_rclcpp_minimal_action_server/ament_copyright/copyright.txt" "--command" "/opt/ros/humble/bin/ament_copyright" "--xunit-file" "/home/psasav/ros2_ws/build/examples_rclcpp_minimal_action_server/test_results/examples_rclcpp_minimal_action_server/copyright.xunit.xml"</FullCommandLine>
			<Results>
				<NamedMeasurement type="numeric/double" name="Execution Time">
					<Value>0.320607</Value>
				</NamedMeasurement>
				<NamedMeasurement type="numeric/double" name="Processors">
					<Value>1</Value>
				</NamedMeasurement>
				<NamedMeasurement type="text/string" name="Completion Status">
					<Value>Completed</Value>
				</NamedMeasurement>
				<NamedMeasurement type="text/string" name="Command Line">
					<Value>/usr/bin/python3 "-u" "/opt/ros/humble/share/ament_cmake_test/cmake/run_test.py" "/home/psasav/ros2_ws/build/examples_rclcpp_minimal_action_server/test_results/examples_rclcpp_minimal_action_server/copyright.xunit.xml" "--package-name" "examples_rclcpp_minimal_action_server" "--output-file" "/home/psasav/ros2_ws/build/examples_rclcpp_minimal_action_server/ament_copyright/copyright.txt" "--command" "/opt/ros/humble/bin/ament_copyright" "--xunit-file" "/home/psasav/ros2_ws/build/examples_rclcpp_minimal_action_server/test_results/examples_rclcpp_minimal_action_server/copyright.xunit.xml"</Value>
				</NamedMeasurement>
				<NamedMeasurement type="text/string" name="Environment">
					<Value>#CTEST_RESOURCE_GROUP_COUNT=</Value>
				</NamedMeasurement>
				<Measurement>
					<Value>-- run_test.py: invoking following command in '/home/psasav/ros2_ws/src/examples/rclcpp/actions/minimal_action_server':
 - /opt/ros/humble/bin/ament_copyright --xunit-file /home/psasav/ros2_ws/build/examples_rclcpp_minimal_action_server/test_results/examples_rclcpp_minimal_action_server/copyright.xunit.xml
No problems found, checked 2 files
-- run_test.py: return code 0
-- run_test.py: verify result file '/home/psasav/ros2_ws/build/examples_rclcpp_minimal_action_server/test_results/examples_rclcpp_minimal_action_server/copyright.xunit.xml'
</Value>
				</Measurement>
			</Results>
			<Labels>
				<Label>copyright</Label>
				<Label>linter</Label>
			</Labels>
		</Test>
		<Test Status="passed">
			<Name>cppcheck</Name>
			<Path>.</Path>
			<FullName>./cppcheck</FullName>
			<FullCommandLine>/usr/bin/python3 "-u" "/opt/ros/humble/share/ament_cmake_test/cmake/run_test.py" "/home/psasav/ros2_ws/build/examples_rclcpp_minimal_action_server/test_results/examples_rclcpp_minimal_action_server/cppcheck.xunit.xml" "--package-name" "examples_rclcpp_minimal_action_server" "--output-file" "/home/psasav/ros2_ws/build/examples_rclcpp_minimal_action_server/ament_cppcheck/cppcheck.txt" "--command" "/opt/ros/humble/bin/ament_cppcheck" "--xunit-file" "/home/psasav/ros2_ws/build/examples_rclcpp_minimal_action_server/test_results/examples_rclcpp_minimal_action_server/cppcheck.xunit.xml"</FullCommandLine>
			<Results>
				<NamedMeasurement type="numeric/double" name="Execution Time">
					<Value>0.218704</Value>
				</NamedMeasurement>
				<NamedMeasurement type="numeric/double" name="Processors">
					<Value>1</Value>
				</NamedMeasurement>
				<NamedMeasurement type="text/string" name="Completion Status">
					<Value>Completed</Value>
				</NamedMeasurement>
				<NamedMeasurement type="text/string" name="Command Line">
					<Value>/usr/bin/python3 "-u" "/opt/ros/humble/share/ament_cmake_test/cmake/run_test.py" "/home/psasav/ros2_ws/build/examples_rclcpp_minimal_action_server/test_results/examples_rclcpp_minimal_action_server/cppcheck.xunit.xml" "--package-name" "examples_rclcpp_minimal_action_server" "--output-file" "/home/psasav/ros2_ws/build/examples_rclcpp_minimal_action_server/ament_cppcheck/cppcheck.txt" "--command" "/opt/ros/humble/bin/ament_cppcheck" "--xunit-file" "/home/psasav/ros2_ws/build/examples_rclcpp_minimal_action_server/test_results/examples_rclcpp_minimal_action_server/cppcheck.xunit.xml"</Value>
				</NamedMeasurement>
				<NamedMeasurement type="text/string" name="Environment">
					<Value>#CTEST_RESOURCE_GROUP_COUNT=</Value>
				</NamedMeasurement>
				<Measurement>
					<Value>-- run_test.py: invoking following command in '/home/psasav/ros2_ws/src/examples/rclcpp/actions/minimal_action_server':
 - /opt/ros/humble/bin/ament_cppcheck --xunit-file /home/psasav/ros2_ws/build/examples_rclcpp_minimal_action_server/test_results/examples_rclcpp_minimal_action_server/cppcheck.xunit.xml
cppcheck 2.7 has known performance issues and therefore will not be used, set the AMENT_CPPCHECK_ALLOW_SLOW_VERSIONS environment variable to override this.
-- run_test.py: return code 0
-- run_test.py: verify result file '/home/psasav/ros2_ws/build/examples_rclcpp_minimal_action_server/test_results/examples_rclcpp_minimal_action_server/cppcheck.xunit.xml'
</Value>
				</Measurement>
			</Results>
			<Labels>
				<Label>cppcheck</Label>
				<Label>linter</Label>
			</Labels>
		</Test>
		<Test Status="passed">
			<Name>cpplint</Name>
			<Path>.</Path>
			<FullName>./cpplint</FullName>
			<FullCommandLine>/usr/bin/python3 "-u" "/opt/ros/humble/share/ament_cmake_test/cmake/run_test.py" "/home/psasav/ros2_ws/build/examples_rclcpp_minimal_action_server/test_results/examples_rclcpp_minimal_action_server/cpplint.xunit.xml" "--package-name" "examples_rclcpp_minimal_action_server" "--output-file" "/home/psasav/ros2_ws/build/examples_rclcpp_minimal_action_server/ament_cpplint/cpplint.txt" "--command" "/opt/ros/humble/bin/ament_cpplint" "--xunit-file" "/home/psasav/ros2_ws/build/examples_rclcpp_minimal_action_server/test_results/examples_rclcpp_minimal_action_server/cpplint.xunit.xml"</FullCommandLine>
			<Results>
				<NamedMeasurement type="numeric/double" name="Execution Time">
					<Value>0.254577</Value>
				</NamedMeasurement>
				<NamedMeasurement type="numeric/double" name="Processors">
					<Value>1</Value>
				</NamedMeasurement>
				<NamedMeasurement type="text/string" name="Completion Status">
					<Value>Completed</Value>
				</NamedMeasurement>
				<NamedMeasurement type="text/string" name="Command Line">
					<Value>/usr/bin/python3 "-u" "/opt/ros/humble/share/ament_cmake_test/cmake/run_test.py" "/home/psasav/ros2_ws/build/examples_rclcpp_minimal_action_server/test_results/examples_rclcpp_minimal_action_server/cpplint.xunit.xml" "--package-name" "examples_rclcpp_minimal_action_server" "--output-file" "/home/psasav/ros2_ws/build/examples_rclcpp_minimal_action_server/ament_cpplint/cpplint.txt" "--command" "/opt/ros/humble/bin/ament_cpplint" "--xunit-file" "/home/psasav/ros2_ws/build/examples_rclcpp_minimal_action_server/test_results/examples_rclcpp_minimal_action_server/cpplint.xunit.xml"</Value>
				</NamedMeasurement>
				<NamedMeasurement type="text/string" name="Environment">
					<Value>#CTEST_RESOURCE_GROUP_COUNT=</Value>
				</NamedMeasurement>
				<Measurement>
					<Value>-- run_test.py: invoking following command in '/home/psasav/ros2_ws/src/examples/rclcpp/actions/minimal_action_server':
 - /opt/ros/humble/bin/ament_cpplint --xunit-file /home/psasav/ros2_ws/build/examples_rclcpp_minimal_action_server/test_results/examples_rclcpp_minimal_action_server/cpplint.xunit.xml
Using '--root=..' argument

Done processing /home/psasav/ros2_ws/src/examples/rclcpp/actions/minimal_action_server/member_functions.cpp

Done processing /home/psasav/ros2_ws/src/examples/rclcpp/actions/minimal_action_server/not_composable.cpp

No problems found
-- run_test.py: return code 0
-- run_test.py: verify result file '/home/psasav/ros2_ws/build/examples_rclcpp_minimal_action_server/test_results/examples_rclcpp_minimal_action_server/cpplint.xunit.xml'
</Value>
				</Measurement>
			</Results>
			<Labels>
				<Label>cpplint</Label>
				<Label>linter</Label>
			</Labels>
		</Test>
		<Test Status="passed">
			<Name>lint_cmake</Name>
			<Path>.</Path>
			<FullName>./lint_cmake</FullName>
			<FullCommandLine>/usr/bin/python3 "-u" "/opt/ros/humble/share/ament_cmake_test/cmake/run_test.py" "/home/psasav/ros2_ws/build/examples_rclcpp_minimal_action_server/test_results/examples_rclcpp_minimal_action_server/lint_cmake.xunit.xml" "--package-name" "examples_rclcpp_minimal_action_server" "--output-file" "/home/psasav/ros2_ws/build/examples_rclcpp_minimal_action_server/ament_lint_cmake/lint_cmake.txt" "--command" "/opt/ros/humble/bin/ament_lint_cmake" "--xunit-file" "/home/psasav/ros2_ws/build/examples_rclcpp_minimal_action_server/test_results/examples_rclcpp_minimal_action_server/lint_cmake.xunit.xml"</FullCommandLine>
			<Results>
				<NamedMeasurement type="numeric/double" name="Execution Time">
					<Value>0.166136</Value>
				</NamedMeasurement>
				<NamedMeasurement type="numeric/double" name="Processors">
					<Value>1</Value>
				</NamedMeasurement>
				<NamedMeasurement type="text/string" name="Completion Status">
					<Value>Completed</Value>
				</NamedMeasurement>
				<NamedMeasurement type="text/string" name="Command Line">
					<Value>/usr/bin/python3 "-u" "/opt/ros/humble/share/ament_cmake_test/cmake/run_test.py" "/home/psasav/ros2_ws/build/examples_rclcpp_minimal_action_server/test_results/examples_rclcpp_minimal_action_server/lint_cmake.xunit.xml" "--package-name" "examples_rclcpp_minimal_action_server" "--output-file" "/home/psasav/ros2_ws/build/examples_rclcpp_minimal_action_server/ament_lint_cmake/lint_cmake.txt" "--command" "/opt/ros/humble/bin/ament_lint_cmake" "--xunit-file" "/home/psasav/ros2_ws/build/examples_rclcpp_minimal_action_server/test_results/examples_rclcpp_minimal_action_server/lint_cmake.xunit.xml"</Value>
				</NamedMeasurement>
				<NamedMeasurement type="text/string" name="Environment">
					<Value>#CTEST_RESOURCE_GROUP_COUNT=</Value>
				</NamedMeasurement>
				<Measurement>
					<Value>-- run_test.py: invoking following command in '/home/psasav/ros2_ws/src/examples/rclcpp/actions/minimal_action_server':
 - /opt/ros/humble/bin/ament_lint_cmake --xunit-file /home/psasav/ros2_ws/build/examples_rclcpp_minimal_action_server/test_results/examples_rclcpp_minimal_action_server/lint_cmake.xunit.xml

No problems found
-- run_test.py: return code 0
-- run_test.py: verify result file '/home/psasav/ros2_ws/build/examples_rclcpp_minimal_action_server/test_results/examples_rclcpp_minimal_action_server/lint_cmake.xunit.xml'
</Value>
				</Measurement>
			</Results>
			<Labels>
				<Label>lint_cmake</Label>
				<Label>linter</Label>
			</Labels>
		</Test>
		<Test Status="passed">
			<Name>uncrustify</Name>
			<Path>.</Path>
			<FullName>./uncrustify</FullName>
			<FullCommandLine>/usr/bin/python3 "-u" "/opt/ros/humble/share/ament_cmake_test/cmake/run_test.py" "/home/psasav/ros2_ws/build/examples_rclcpp_minimal_action_server/test_results/examples_rclcpp_minimal_action_server/uncrustify.xunit.xml" "--package-name" "examples_rclcpp_minimal_action_server" "--output-file" "/home/psasav/ros2_ws/build/examples_rclcpp_minimal_action_server/ament_uncrustify/uncrustify.txt" "--command" "/opt/ros/humble/bin/ament_uncrustify" "--xunit-file" "/home/psasav/ros2_ws/build/examples_rclcpp_minimal_action_server/test_results/examples_rclcpp_minimal_action_server/uncrustify.xunit.xml"</FullCommandLine>
			<Results>
				<NamedMeasurement type="numeric/double" name="Execution Time">
					<Value>0.284873</Value>
				</NamedMeasurement>
				<NamedMeasurement type="numeric/double" name="Processors">
					<Value>1</Value>
				</NamedMeasurement>
				<NamedMeasurement type="text/string" name="Completion Status">
					<Value>Completed</Value>
				</NamedMeasurement>
				<NamedMeasurement type="text/string" name="Command Line">
					<Value>/usr/bin/python3 "-u" "/opt/ros/humble/share/ament_cmake_test/cmake/run_test.py" "/home/psasav/ros2_ws/build/examples_rclcpp_minimal_action_server/test_results/examples_rclcpp_minimal_action_server/uncrustify.xunit.xml" "--package-name" "examples_rclcpp_minimal_action_server" "--output-file" "/home/psasav/ros2_ws/build/examples_rclcpp_minimal_action_server/ament_uncrustify/uncrustify.txt" "--command" "/opt/ros/humble/bin/ament_uncrustify" "--xunit-file" "/home/psasav/ros2_ws/build/examples_rclcpp_minimal_action_server/test_results/examples_rclcpp_minimal_action_server/uncrustify.xunit.xml"</Value>
				</NamedMeasurement>
				<NamedMeasurement type="text/string" name="Environment">
					<Value>#CTEST_RESOURCE_GROUP_COUNT=</Value>
				</NamedMeasurement>
				<Measurement>
					<Value>-- run_test.py: invoking following command in '/home/psasav/ros2_ws/src/examples/rclcpp/actions/minimal_action_server':
 - /opt/ros/humble/bin/ament_uncrustify --xunit-file /home/psasav/ros2_ws/build/examples_rclcpp_minimal_action_server/test_results/examples_rclcpp_minimal_action_server/uncrustify.xunit.xml
No code style divergence in file 'member_functions.cpp'

No code style divergence in file 'not_composable.cpp'

No problems found
-- run_test.py: return code 0
-- run_test.py: verify result file '/home/psasav/ros2_ws/build/examples_rclcpp_minimal_action_server/test_results/examples_rclcpp_minimal_action_server/uncrustify.xunit.xml'
</Value>
				</Measurement>
			</Results>
			<Labels>
				<Label>linter</Label>
				<Label>uncrustify</Label>
			</Labels>
		</Test>
		<Test Status="passed">
			<Name>xmllint</Name>
			<Path>.</Path>
			<FullName>./xmllint</FullName>
			<FullCommandLine>/usr/bin/python3 "-u" "/opt/ros/humble/share/ament_cmake_test/cmake/run_test.py" "/home/psasav/ros2_ws/build/examples_rclcpp_minimal_action_server/test_results/examples_rclcpp_minimal_action_server/xmllint.xunit.xml" "--package-name" "examples_rclcpp_minimal_action_server" "--output-file" "/home/psasav/ros2_ws/build/examples_rclcpp_minimal_action_server/ament_xmllint/xmllint.txt" "--command" "/opt/ros/humble/bin/ament_xmllint" "--xunit-file" "/home/psasav/ros2_ws/build/examples_rclcpp_minimal_action_server/test_results/examples_rclcpp_minimal_action_server/xmllint.xunit.xml"</FullCommandLine>
			<Results>
				<NamedMeasurement type="numeric/double" name="Execution Time">
					<Value>1.61849</Value>
				</NamedMeasurement>
				<NamedMeasurement type="numeric/double" name="Processors">
					<Value>1</Value>
				</NamedMeasurement>
				<NamedMeasurement type="text/string" name="Completion Status">
					<Value>Completed</Value>
				</NamedMeasurement>
				<NamedMeasurement type="text/string" name="Command Line">
					<Value>/usr/bin/python3 "-u" "/opt/ros/humble/share/ament_cmake_test/cmake/run_test.py" "/home/psasav/ros2_ws/build/examples_rclcpp_minimal_action_server/test_results/examples_rclcpp_minimal_action_server/xmllint.xunit.xml" "--package-name" "examples_rclcpp_minimal_action_server" "--output-file" "/home/psasav/ros2_ws/build/examples_rclcpp_minimal_action_server/ament_xmllint/xmllint.txt" "--command" "/opt/ros/humble/bin/ament_xmllint" "--xunit-file" "/home/psasav/ros2_ws/build/examples_rclcpp_minimal_action_server/test_results/examples_rclcpp_minimal_action_server/xmllint.xunit.xml"</Value>
				</NamedMeasurement>
				<NamedMeasurement type="text/string" name="Environment">
					<Value>#CTEST_RESOURCE_GROUP_COUNT=</Value>
				</NamedMeasurement>
				<Measurement>
					<Value>-- run_test.py: invoking following command in '/home/psasav/ros2_ws/src/examples/rclcpp/actions/minimal_action_server':
 - /opt/ros/humble/bin/ament_xmllint --xunit-file /home/psasav/ros2_ws/build/examples_rclcpp_minimal_action_server/test_results/examples_rclcpp_minimal_action_server/xmllint.xunit.xml
File 'package.xml' is valid

No problems found
-- run_test.py: return code 0
-- run_test.py: verify result file '/home/psasav/ros2_ws/build/examples_rclcpp_minimal_action_server/test_results/examples_rclcpp_minimal_action_server/xmllint.xunit.xml'
</Value>
				</Measurement>
			</Results>
			<Labels>
				<Label>linter</Label>
				<Label>xmllint</Label>
			</Labels>
		</Test>
		<EndDateTime>Oct 06 16:41 +08</EndDateTime>
		<EndTestTime>1759740071</EndTestTime>
		<ElapsedMinutes>0</ElapsedMinutes>
	</Testing>
</Site>
